{
  "RSpec": {
    "coverage": {
      "/Users/aishwarya/Documents/Selt/Team1_SELT2020/app/controllers/application_controller.rb": {
        "lines": [
          1,
          null,
          null,
          null,
          null,
          1,
          1,
          1,
          83,
          null,
          1,
          null
        ]
      },
      "/Users/aishwarya/Documents/Selt/Team1_SELT2020/app/controllers/discard_controller.rb": {
        "lines": [
          1,
          1,
          1,
          1,
          1,
          1,
          1,
          1,
          null,
          null,
          null,
          1,
          2,
          2,
          1,
          1,
          1,
          1,
          null,
          1,
          null,
          null,
          null,
          null,
          1,
          null,
          1,
          null,
          1,
          1,
          null,
          null,
          null
        ]
      },
      "/Users/aishwarya/Documents/Selt/Team1_SELT2020/app/controllers/users/omniauth_controller.rb": {
        "lines": [
          1,
          null,
          1,
          3,
          3,
          2,
          2,
          2,
          null,
          null,
          1,
          1,
          null,
          null,
          null,
          null,
          1,
          3,
          3,
          2,
          2,
          2,
          null,
          null,
          1,
          1,
          null,
          null,
          null,
          1,
          0,
          0,
          null,
          null
        ]
      },
      "/Users/aishwarya/Documents/Selt/Team1_SELT2020/app/controllers/rooms_controller.rb": {
        "lines": [
          1,
          null,
          1,
          1,
          null,
          1,
          41,
          41,
          null,
          null,
          1,
          5,
          null,
          null,
          1,
          null,
          1,
          null,
          1,
          16,
          16,
          1,
          null,
          15,
          15,
          15,
          15,
          null,
          15,
          15,
          null,
          15,
          15,
          15,
          0,
          0,
          null,
          null,
          15,
          15,
          15,
          15,
          null,
          null,
          null,
          null,
          1,
          7,
          1,
          1,
          6,
          1,
          1,
          null,
          5,
          5,
          5,
          null,
          5,
          5,
          null,
          null,
          null,
          1,
          1,
          1,
          1,
          1,
          1,
          null,
          null,
          1,
          null,
          1,
          1,
          1,
          1,
          1,
          null,
          0,
          null,
          1,
          null,
          null,
          1,
          2,
          1,
          1,
          null,
          1,
          1,
          2,
          2,
          null,
          null,
          null,
          1,
          null,
          null,
          null,
          null,
          1,
          1,
          null,
          null,
          null,
          null,
          1,
          3,
          3,
          312,
          312,
          312,
          null,
          null,
          3,
          null,
          null,
          1,
          11,
          11,
          11,
          8,
          null,
          3,
          null,
          11,
          null,
          null
        ]
      },
      "/Users/aishwarya/Documents/Selt/Team1_SELT2020/app/controllers/trade_controller.rb": {
        "lines": [
          1,
          1,
          1,
          null,
          1,
          1,
          1,
          1,
          1,
          null,
          null,
          null,
          1,
          3,
          3,
          null,
          3,
          1,
          1,
          null,
          2,
          6,
          2,
          2,
          1,
          1,
          null,
          1,
          1,
          1,
          6,
          null,
          1,
          1,
          null,
          null,
          null,
          null
        ]
      },
      "/Users/aishwarya/Documents/Selt/Team1_SELT2020/app/controllers/users_controller.rb": {
        "lines": [
          1,
          null,
          1,
          1,
          null,
          1,
          0,
          null,
          null,
          1,
          null,
          null,
          1,
          null,
          1,
          null,
          null,
          1,
          5,
          5,
          2,
          2,
          null,
          3,
          3,
          3,
          3,
          3,
          null,
          null,
          null,
          1,
          2,
          2,
          null,
          1,
          null,
          1,
          null,
          1,
          null,
          1,
          1,
          null,
          1,
          null,
          2,
          null,
          null,
          null,
          null,
          null
        ]
      },
      "/Users/aishwarya/Documents/Selt/Team1_SELT2020/app/mailers/user_mailer.rb": {
        "lines": [
          1,
          null
        ]
      },
      "/Users/aishwarya/Documents/Selt/Team1_SELT2020/app/mailers/application_mailer.rb": {
        "lines": [
          1,
          1,
          1,
          null
        ]
      },
      "/Users/aishwarya/Documents/Selt/Team1_SELT2020/app/models/card.rb": {
        "lines": [
          1,
          1,
          1,
          null,
          1,
          null,
          1,
          1,
          null,
          null,
          null,
          null,
          1,
          51,
          204,
          2652,
          null,
          null,
          null,
          null,
          null,
          null,
          null,
          1,
          1,
          1,
          1,
          null,
          null,
          1,
          2,
          1,
          null,
          1,
          null,
          null,
          null
        ]
      },
      "/Users/aishwarya/Documents/Selt/Team1_SELT2020/app/models/hand.rb": {
        "lines": [
          1,
          1,
          1,
          null,
          null
        ]
      },
      "/Users/aishwarya/Documents/Selt/Team1_SELT2020/app/models/room.rb": {
        "lines": [
          1,
          1,
          1,
          1,
          null,
          1,
          33,
          null,
          null,
          1,
          33,
          33,
          33,
          null,
          null,
          null,
          null
        ]
      }
    },
    "timestamp": 1608095386
  }
}
