{
  "RSpec": {
    "coverage": {
      "/Users/zeeshanahmed/Desktop/Study/Fall2020/SELT/Project/Team1_SELT2020/app/helpers/application_helper.rb": {
        "lines": [
          1,
          null
        ]
      },
      "/Users/zeeshanahmed/Desktop/Study/Fall2020/SELT/Project/Team1_SELT2020/app/helpers/cards_helper.rb": {
        "lines": [
          1,
          null
        ]
      },
      "/Users/zeeshanahmed/Desktop/Study/Fall2020/SELT/Project/Team1_SELT2020/app/helpers/rooms_helper.rb": {
        "lines": [
          1,
          null
        ]
      },
      "/Users/zeeshanahmed/Desktop/Study/Fall2020/SELT/Project/Team1_SELT2020/app/controllers/application_controller.rb": {
        "lines": [
          1,
          null,
          null,
          1,
          null,
          1,
          9,
          null,
          null
        ]
      },
      "/Users/zeeshanahmed/Desktop/Study/Fall2020/SELT/Project/Team1_SELT2020/app/controllers/rooms_controller.rb": {
        "lines": [
          1,
          null,
          1,
          1,
          null,
          1,
          5,
          5,
          null,
          null,
          1,
          2,
          null,
          null,
          1,
          0,
          null,
          null,
          1,
          null,
          1,
          0,
          0,
          0,
          null,
          null,
          1,
          4,
          1,
          1,
          3,
          1,
          1,
          null,
          2,
          2,
          2,
          2,
          2,
          null,
          null,
          null,
          1,
          1,
          1,
          1,
          1,
          1,
          null,
          null,
          1,
          0,
          0,
          0,
          null,
          0,
          0,
          null,
          0,
          0,
          null,
          null,
          null,
          null
        ]
      },
      "/Users/zeeshanahmed/Desktop/Study/Fall2020/SELT/Project/Team1_SELT2020/app/controllers/sessions_controller.rb": {
        "lines": [
          1,
          null,
          null,
          null,
          1,
          1,
          null,
          null,
          null,
          null,
          null,
          null,
          null,
          null,
          null,
          null,
          null,
          null,
          null,
          null,
          null,
          null,
          null,
          null,
          1,
          4,
          1,
          1,
          3,
          1,
          1,
          1,
          null,
          2,
          2,
          2,
          2,
          1,
          1,
          1,
          null,
          1,
          1,
          null,
          null,
          null,
          null,
          1,
          1,
          1,
          1,
          null,
          null
        ]
      },
      "/Users/zeeshanahmed/Desktop/Study/Fall2020/SELT/Project/Team1_SELT2020/app/controllers/users_controller.rb": {
        "lines": [
          1,
          null,
          1,
          null,
          1,
          21,
          null,
          null,
          1,
          null,
          1,
          null,
          1,
          10,
          6,
          6,
          4,
          1,
          1,
          null,
          3,
          3,
          3,
          null,
          null,
          null,
          1,
          null,
          null,
          1,
          3,
          3,
          2,
          2,
          null,
          1,
          1,
          1,
          1,
          1,
          null,
          null,
          null,
          1,
          0,
          0,
          null,
          0,
          null,
          0,
          null,
          0,
          null,
          0,
          null,
          0,
          null,
          0,
          null,
          null,
          null,
          null
        ]
      },
      "/Users/zeeshanahmed/Desktop/Study/Fall2020/SELT/Project/Team1_SELT2020/app/models/user.rb": {
        "lines": [
          1,
          null,
          1,
          1,
          1,
          null,
          1,
          11,
          11,
          11,
          null,
          null,
          null,
          null,
          1,
          28,
          28,
          28,
          84,
          42,
          null,
          null,
          28,
          null,
          null,
          null
        ]
      },
      "/Users/zeeshanahmed/Desktop/Study/Fall2020/SELT/Project/Team1_SELT2020/app/models/card.rb": {
        "lines": [
          1,
          1,
          1,
          null,
          1,
          null,
          1,
          1,
          null,
          null,
          null,
          null,
          1,
          2,
          8,
          104,
          null,
          null,
          null,
          null,
          null,
          null,
          null,
          1,
          0,
          0,
          0,
          null,
          null,
          null
        ]
      },
      "/Users/zeeshanahmed/Desktop/Study/Fall2020/SELT/Project/Team1_SELT2020/app/models/hand.rb": {
        "lines": [
          1,
          1,
          1,
          null,
          null
        ]
      },
      "/Users/zeeshanahmed/Desktop/Study/Fall2020/SELT/Project/Team1_SELT2020/app/models/room.rb": {
        "lines": [
          1,
          1,
          1,
          1,
          null,
          1,
          5,
          null,
          null,
          1,
          5,
          5,
          5,
          null,
          null,
          null,
          null
        ]
      },
      "/Users/zeeshanahmed/Desktop/Study/Fall2020/SELT/Project/Team1_SELT2020/app/controllers/cards_controller.rb": {
        "lines": [
          0,
          null,
          null,
          0
        ],
        "branches": {
        }
      }
    },
    "timestamp": 1605840926
  }
}
